f:\jiuxing\代码\服务端\系统模块\服务器组件\游戏控制\release_unicode\gamecontrol.pch
f:\jiuxing\代码\服务端\系统模块\服务器组件\游戏控制\release_unicode\vc120.pdb
f:\jiuxing\代码\服务端\系统模块\服务器组件\游戏控制\release_unicode\baccaratlogic.obj
f:\jiuxing\代码\服务端\系统模块\服务器组件\游戏控制\release_unicode\caishenlogic.obj
f:\jiuxing\代码\服务端\系统模块\服务器组件\游戏控制\release_unicode\jdqslogic.obj
f:\jiuxing\代码\服务端\系统模块\服务器组件\游戏控制\release_unicode\landlogic.obj
f:\jiuxing\代码\服务端\系统模块\服务器组件\游戏控制\release_unicode\longhulogic.obj
f:\jiuxing\代码\服务端\系统模块\服务器组件\游戏控制\release_unicode\oxbattlelogic.obj
f:\jiuxing\代码\服务端\系统模块\服务器组件\游戏控制\release_unicode\oxsixlogic.obj
f:\jiuxing\代码\服务端\系统模块\服务器组件\游戏控制\release_unicode\redblacklogic.obj
f:\jiuxing\代码\服务端\系统模块\服务器组件\游戏控制\release_unicode\servercontrol.obj
f:\jiuxing\代码\服务端\系统模块\服务器组件\游戏控制\release_unicode\servercontrolitemsink.obj
f:\jiuxing\代码\服务端\系统模块\服务器组件\游戏控制\release_unicode\sglblogic.obj
f:\jiuxing\代码\服务端\系统模块\服务器组件\游戏控制\release_unicode\sglogic.obj
f:\jiuxing\代码\服务端\系统模块\服务器组件\游戏控制\release_unicode\shzlogic.obj
f:\jiuxing\代码\服务端\系统模块\服务器组件\游戏控制\release_unicode\stdafx.obj
f:\jiuxing\代码\服务端\系统模块\服务器组件\游戏控制\release_unicode\thirteenlogic.obj
f:\jiuxing\代码\服务端\系统模块\服务器组件\游戏控制\release_unicode\tongzilogic.obj
f:\jiuxing\代码\服务端\系统模块\服务器组件\游戏控制\release_unicode\zhajinhualogic.obj
f:\jiuxing\代码\服务端\运行\release\unicode\gamecontrol.dll
f:\jiuxing\代码\服务端\运行\release\unicode\gamecontrol.pdb
f:\jiuxing\代码\服务端\运行\release\unicode\gamecontrol.lib
f:\jiuxing\代码\服务端\运行\release\unicode\gamecontrol.exp
f:\jiuxing\代码\服务端\系统模块\服务器组件\游戏控制\release_unicode\msado15.tli
f:\jiuxing\代码\服务端\系统模块\服务器组件\游戏控制\release_unicode\msado15.tlh
f:\jiuxing\代码\服务端\系统模块\服务器组件\游戏控制\../../../运行/release/unicode/gamecontrol.dll
f:\jiuxing\代码\服务端\系统模块\服务器组件\游戏控制\release_unicode\游戏控制.tlog\cl.command.1.tlog
f:\jiuxing\代码\服务端\系统模块\服务器组件\游戏控制\release_unicode\游戏控制.tlog\cl.read.1.tlog
f:\jiuxing\代码\服务端\系统模块\服务器组件\游戏控制\release_unicode\游戏控制.tlog\cl.write.1.tlog
f:\jiuxing\代码\服务端\系统模块\服务器组件\游戏控制\release_unicode\游戏控制.tlog\link.command.1.tlog
f:\jiuxing\代码\服务端\系统模块\服务器组件\游戏控制\release_unicode\游戏控制.tlog\link.read.1.tlog
f:\jiuxing\代码\服务端\系统模块\服务器组件\游戏控制\release_unicode\游戏控制.tlog\link.write.1.tlog
f:\jiuxing\代码\服务端\系统模块\服务器组件\游戏控制\release_unicode\游戏控制.tlog\游戏控制.write.1u.tlog
