f:\jiuxing\代码\服务端\系统模块\公共组件\服务核心\release_unicode\服务核心.pch
f:\jiuxing\代码\服务端\系统模块\公共组件\服务核心\release_unicode\vc120.pdb
f:\jiuxing\代码\服务端\系统模块\公共组件\服务核心\release_unicode\stdafx.obj
f:\jiuxing\代码\服务端\系统模块\公共组件\服务核心\release_unicode\yxydes.obj
f:\jiuxing\代码\服务端\系统模块\公共组件\服务核心\release_unicode\whthread.obj
f:\jiuxing\代码\服务端\系统模块\公共组件\服务核心\release_unicode\whservice.obj
f:\jiuxing\代码\服务端\系统模块\公共组件\服务核心\release_unicode\whregkey.obj
f:\jiuxing\代码\服务端\系统模块\公共组件\服务核心\release_unicode\whmd5checksum.obj
f:\jiuxing\代码\服务端\系统模块\公共组件\服务核心\release_unicode\whinidata.obj
f:\jiuxing\代码\服务端\系统模块\公共组件\服务核心\release_unicode\whencrypt.obj
f:\jiuxing\代码\服务端\系统模块\公共组件\服务核心\release_unicode\whdataqueue.obj
f:\jiuxing\代码\服务端\系统模块\公共组件\服务核心\release_unicode\whdatalocker.obj
f:\jiuxing\代码\服务端\系统模块\公共组件\服务核心\release_unicode\whcommandline.obj
f:\jiuxing\代码\服务端\系统模块\公共组件\服务核心\release_unicode\servicecore.obj
f:\jiuxing\代码\服务端\运行\release\unicode\servicecore.dll
f:\jiuxing\代码\服务端\系统模块\公共组件\服务核心\release_unicode\服务核心.pdb
f:\jiuxing\代码\服务端\系统模块\公共组件\服务核心\release_unicode\servicecore.res
f:\jiuxing\代码\服务端\系统模块\链接库\unicode\servicecore.lib
f:\jiuxing\代码\服务端\系统模块\链接库\unicode\servicecore.exp
f:\jiuxing\代码\服务端\系统模块\公共组件\服务核心\release_unicode\服务核心.tlog\cl.command.1.tlog
f:\jiuxing\代码\服务端\系统模块\公共组件\服务核心\release_unicode\服务核心.tlog\cl.read.1.tlog
f:\jiuxing\代码\服务端\系统模块\公共组件\服务核心\release_unicode\服务核心.tlog\cl.write.1.tlog
f:\jiuxing\代码\服务端\系统模块\公共组件\服务核心\release_unicode\服务核心.tlog\link.command.1.tlog
f:\jiuxing\代码\服务端\系统模块\公共组件\服务核心\release_unicode\服务核心.tlog\link.read.1.tlog
f:\jiuxing\代码\服务端\系统模块\公共组件\服务核心\release_unicode\服务核心.tlog\link.write.1.tlog
f:\jiuxing\代码\服务端\系统模块\公共组件\服务核心\release_unicode\服务核心.tlog\rc.command.1.tlog
f:\jiuxing\代码\服务端\系统模块\公共组件\服务核心\release_unicode\服务核心.tlog\rc.read.1.tlog
f:\jiuxing\代码\服务端\系统模块\公共组件\服务核心\release_unicode\服务核心.tlog\rc.write.1.tlog
f:\jiuxing\代码\服务端\系统模块\公共组件\服务核心\release_unicode\服务核心.tlog\服务核心.write.1u.tlog
