生成启动时间为 2019/5/12 14:08:55。
     1>项目“F:\jiuxing\代码\服务端\系统模块\服务器组件\游戏服务器\GameServer.vcxproj”在节点 11 上(Build 个目标)。
     1>C:\Program Files (x86)\MSBuild\Microsoft.Cpp\v4.0\V120\Microsoft.CppBuild.targets(1193,5): warning MSB8012: TargetPath(F:\jiuxing\代码\服务端\系统模块\服务器组件\游戏服务器\Release_Unicode\游戏服务器.exe) does not match the Linker's OutputFile property value (F:\jiuxing\代码\服务端\运行\Release\Unicode\GameServer.exe). This may cause your project to build incorrectly. To correct this, please make sure that $(OutDir), $(TargetName) and $(TargetExt) property values match the value specified in %(Link.OutputFile).
     1>C:\Program Files (x86)\MSBuild\Microsoft.Cpp\v4.0\V120\Microsoft.CppBuild.targets(1195,5): warning MSB8012: TargetName(游戏服务器) does not match the Linker's OutputFile property value (GameServer). This may cause your project to build incorrectly. To correct this, please make sure that $(OutDir), $(TargetName) and $(TargetExt) property values match the value specified in %(Link.OutputFile).
     1>Link:
         C:\Program Files (x86)\Microsoft Visual Studio 12.0\VC\bin\link.exe /ERRORREPORT:PROMPT /OUT:"../../../运行/Release/Unicode/GameServer.exe" /INCREMENTAL:NO /NOLOGO /MANIFEST /MANIFESTUAC:"level='asInvoker' uiAccess='false'" /manifest:embed /manifestinput:"C:\Program Files (x86)\Microsoft Visual Studio 12.0\VC\Include\Manifest\dpiaware.manifest" /DEBUG /PDB:"Release_Unicode\游戏服务器.pdb" /ASSEMBLYDEBUG /SUBSYSTEM:WINDOWS /OPT:REF /OPT:ICF /TLBID:1 /ENTRY:"wWinMainCRTStartup" /DYNAMICBASE /NXCOMPAT /IMPLIB:"Release_Unicode\游戏服务器.lib" /MACHINE:X86 /SAFESEH Release_Unicode\GameServer.res
         Release_Unicode\AttemperEngineSink.obj
         Release_Unicode\DataBaseEngineSink.obj
         Release_Unicode\DBCorrespondManager.obj
         Release_Unicode\DistributeManager.obj
         Release_Unicode\GameServer.obj
         Release_Unicode\GameServerDlg.obj
         Release_Unicode\InitParameter.obj
         Release_Unicode\MiniDumper.obj
         Release_Unicode\SensitiveWordsFilter.obj
         Release_Unicode\ServerListManager.obj
         Release_Unicode\ServiceUnits.obj
         Release_Unicode\Stdafx.obj
         Release_Unicode\TableFrame.obj
         "F:\jiuxing\代码\服务端\系统模块\链接库\Unicode\ServiceCore.lib"
         "F:\jiuxing\代码\服务端\系统模块\链接库\Unicode\ModuleManager.lib"
         "F:\jiuxing\代码\服务端\系统模块\链接库\Unicode\GameService.lib"
         GameServer.vcxproj -> F:\jiuxing\代码\服务端\系统模块\服务器组件\游戏服务器\Release_Unicode\游戏服务器.exe
     1>已完成生成项目“F:\jiuxing\代码\服务端\系统模块\服务器组件\游戏服务器\GameServer.vcxproj”(Build 个目标)的操作。

生成成功。

已用时间 00:00:00.63
