f:\jiuxing\代码\服务端\系统模块\公共组件\libevent\release_unicode\vc120.pdb
f:\jiuxing\代码\服务端\系统模块\公共组件\libevent\release_unicode\http.obj
f:\jiuxing\代码\服务端\系统模块\公共组件\libevent\release_unicode\evutil_time.obj
f:\jiuxing\代码\服务端\系统模块\公共组件\libevent\release_unicode\evutil_rand.obj
f:\jiuxing\代码\服务端\系统模块\公共组件\libevent\release_unicode\evutil.obj
f:\jiuxing\代码\服务端\系统模块\公共组件\libevent\release_unicode\evthread_win32.obj
f:\jiuxing\代码\服务端\系统模块\公共组件\libevent\release_unicode\evthread.obj
f:\jiuxing\代码\服务端\系统模块\公共组件\libevent\release_unicode\evrpc.obj
f:\jiuxing\代码\服务端\系统模块\公共组件\libevent\release_unicode\evmap.obj
f:\jiuxing\代码\服务端\系统模块\公共组件\libevent\release_unicode\event_tagging.obj
f:\jiuxing\代码\服务端\系统模块\公共组件\libevent\release_unicode\event_iocp.obj
f:\jiuxing\代码\服务端\系统模块\公共组件\libevent\release_unicode\event.obj
f:\jiuxing\代码\服务端\系统模块\公共组件\libevent\release_unicode\evdns.obj
f:\jiuxing\代码\服务端\系统模块\公共组件\libevent\release_unicode\buffer_iocp.obj
f:\jiuxing\代码\服务端\系统模块\公共组件\libevent\release_unicode\bufferevent_sock.obj
f:\jiuxing\代码\服务端\系统模块\公共组件\libevent\release_unicode\bufferevent_ratelim.obj
f:\jiuxing\代码\服务端\系统模块\公共组件\libevent\release_unicode\bufferevent_pair.obj
f:\jiuxing\代码\服务端\系统模块\公共组件\libevent\release_unicode\bufferevent_filter.obj
f:\jiuxing\代码\服务端\系统模块\公共组件\libevent\release_unicode\bufferevent_async.obj
f:\jiuxing\代码\服务端\系统模块\公共组件\libevent\release_unicode\bufferevent.obj
f:\jiuxing\代码\服务端\系统模块\公共组件\libevent\release_unicode\buffer.obj
f:\jiuxing\代码\服务端\系统模块\公共组件\libevent\release_unicode\win32select.obj
f:\jiuxing\代码\服务端\系统模块\公共组件\libevent\release_unicode\strlcpy.obj
f:\jiuxing\代码\服务端\系统模块\公共组件\libevent\release_unicode\signal.obj
f:\jiuxing\代码\服务端\系统模块\公共组件\libevent\release_unicode\log.obj
f:\jiuxing\代码\服务端\系统模块\公共组件\libevent\release_unicode\listener.obj
f:\jiuxing\代码\服务端\系统模块\公共组件\libevent\release_unicode\libevent.res
f:\jiuxing\代码\服务端\系统模块\公共组件\libevent\release_unicode\libevent2.1.8.tlog\cl.command.1.tlog
f:\jiuxing\代码\服务端\系统模块\公共组件\libevent\release_unicode\libevent2.1.8.tlog\cl.read.1.tlog
f:\jiuxing\代码\服务端\系统模块\公共组件\libevent\release_unicode\libevent2.1.8.tlog\cl.write.1.tlog
f:\jiuxing\代码\服务端\系统模块\公共组件\libevent\release_unicode\libevent2.1.8.tlog\link.command.1.tlog
f:\jiuxing\代码\服务端\系统模块\公共组件\libevent\release_unicode\libevent2.1.8.tlog\link.read.1.tlog
f:\jiuxing\代码\服务端\系统模块\公共组件\libevent\release_unicode\libevent2.1.8.tlog\link.write.1.tlog
f:\jiuxing\代码\服务端\系统模块\公共组件\libevent\release_unicode\libevent2.1.8.tlog\rc.command.1.tlog
f:\jiuxing\代码\服务端\系统模块\公共组件\libevent\release_unicode\libevent2.1.8.tlog\rc.read.1.tlog
f:\jiuxing\代码\服务端\系统模块\公共组件\libevent\release_unicode\libevent2.1.8.tlog\rc.write.1.tlog
