f:\jiuxing\代码\服务端\系统模块\公共组件\json\release_unicode\jsoncpp.pch
f:\jiuxing\代码\服务端\系统模块\公共组件\json\release_unicode\vc120.pdb
f:\jiuxing\代码\服务端\系统模块\公共组件\json\release_unicode\stdafx.obj
f:\jiuxing\代码\服务端\系统模块\公共组件\json\release_unicode\json_writer.obj
f:\jiuxing\代码\服务端\系统模块\公共组件\json\release_unicode\json_value.obj
f:\jiuxing\代码\服务端\系统模块\公共组件\json\release_unicode\json_reader.obj
f:\jiuxing\代码\服务端\系统模块\链接库\unicode\jsoncpp.lib
f:\jiuxing\代码\服务端\系统模块\链接库\unicode\jsoncpp.exp
f:\jiuxing\代码\服务端\运行\release\unicode\jsoncpp.dll
f:\jiuxing\代码\服务端\系统模块\公共组件\json\release_unicode\jsoncpp.res
f:\jiuxing\代码\服务端\系统模块\公共组件\json\release_unicode\jsoncpp.tlog\cl.command.1.tlog
f:\jiuxing\代码\服务端\系统模块\公共组件\json\release_unicode\jsoncpp.tlog\cl.read.1.tlog
f:\jiuxing\代码\服务端\系统模块\公共组件\json\release_unicode\jsoncpp.tlog\cl.write.1.tlog
f:\jiuxing\代码\服务端\系统模块\公共组件\json\release_unicode\jsoncpp.tlog\jsoncpp.write.1u.tlog
f:\jiuxing\代码\服务端\系统模块\公共组件\json\release_unicode\jsoncpp.tlog\link.command.1.tlog
f:\jiuxing\代码\服务端\系统模块\公共组件\json\release_unicode\jsoncpp.tlog\link.read.1.tlog
f:\jiuxing\代码\服务端\系统模块\公共组件\json\release_unicode\jsoncpp.tlog\link.write.1.tlog
f:\jiuxing\代码\服务端\系统模块\公共组件\json\release_unicode\jsoncpp.tlog\rc.command.1.tlog
f:\jiuxing\代码\服务端\系统模块\公共组件\json\release_unicode\jsoncpp.tlog\rc.read.1.tlog
f:\jiuxing\代码\服务端\系统模块\公共组件\json\release_unicode\jsoncpp.tlog\rc.write.1.tlog
