f:\jiuxing\代码\服务端\系统模块\服务器组件\游戏服务\release_unicode\游戏服务.pch
f:\jiuxing\代码\服务端\系统模块\服务器组件\游戏服务\release_unicode\vc120.pdb
f:\jiuxing\代码\服务端\系统模块\服务器组件\游戏服务\release_unicode\stdafx.obj
f:\jiuxing\代码\服务端\系统模块\服务器组件\游戏服务\release_unicode\serverusermanager.obj
f:\jiuxing\代码\服务端\系统模块\服务器组件\游戏服务\release_unicode\gameservice.obj
f:\jiuxing\代码\服务端\系统模块\服务器组件\游戏服务\release_unicode\androidusermanager.obj
f:\jiuxing\代码\服务端\系统模块\服务器组件\游戏服务\release_unicode\androiduseritem.obj
f:\jiuxing\代码\服务端\运行\release\unicode\gameservice.dll
f:\jiuxing\代码\服务端\系统模块\服务器组件\游戏服务\release_unicode\游戏服务.pdb
f:\jiuxing\代码\服务端\系统模块\服务器组件\游戏服务\release_unicode\gameservice.res
f:\jiuxing\代码\服务端\系统模块\链接库\unicode\gameservice.lib
f:\jiuxing\代码\服务端\系统模块\链接库\unicode\gameservice.exp
f:\jiuxing\代码\服务端\系统模块\服务器组件\游戏服务\release_unicode\msado15.tli
f:\jiuxing\代码\服务端\系统模块\服务器组件\游戏服务\release_unicode\msado15.tlh
f:\jiuxing\代码\服务端\系统模块\服务器组件\游戏服务\release_unicode\游戏服务.tlog\cl.command.1.tlog
f:\jiuxing\代码\服务端\系统模块\服务器组件\游戏服务\release_unicode\游戏服务.tlog\cl.read.1.tlog
f:\jiuxing\代码\服务端\系统模块\服务器组件\游戏服务\release_unicode\游戏服务.tlog\cl.write.1.tlog
f:\jiuxing\代码\服务端\系统模块\服务器组件\游戏服务\release_unicode\游戏服务.tlog\link.command.1.tlog
f:\jiuxing\代码\服务端\系统模块\服务器组件\游戏服务\release_unicode\游戏服务.tlog\link.read.1.tlog
f:\jiuxing\代码\服务端\系统模块\服务器组件\游戏服务\release_unicode\游戏服务.tlog\link.write.1.tlog
f:\jiuxing\代码\服务端\系统模块\服务器组件\游戏服务\release_unicode\游戏服务.tlog\rc.command.1.tlog
f:\jiuxing\代码\服务端\系统模块\服务器组件\游戏服务\release_unicode\游戏服务.tlog\rc.read.1.tlog
f:\jiuxing\代码\服务端\系统模块\服务器组件\游戏服务\release_unicode\游戏服务.tlog\rc.write.1.tlog
f:\jiuxing\代码\服务端\系统模块\服务器组件\游戏服务\release_unicode\游戏服务.tlog\游戏服务.write.1u.tlog
