f:\jiuxing\代码\服务端\系统模块\服务器组件\模块管理\release_unicode\模块管理.pch
f:\jiuxing\代码\服务端\系统模块\服务器组件\模块管理\release_unicode\vc120.pdb
f:\jiuxing\代码\服务端\系统模块\服务器组件\模块管理\release_unicode\stdafx.obj
f:\jiuxing\代码\服务端\系统模块\服务器组件\模块管理\release_unicode\serverlistcontrol.obj
f:\jiuxing\代码\服务端\系统模块\服务器组件\模块管理\release_unicode\serverinfomanager.obj
f:\jiuxing\代码\服务端\系统模块\服务器组件\模块管理\release_unicode\servercustomrule.obj
f:\jiuxing\代码\服务端\系统模块\服务器组件\模块管理\release_unicode\modulemanager.obj
f:\jiuxing\代码\服务端\系统模块\服务器组件\模块管理\release_unicode\modulelistcontrol.obj
f:\jiuxing\代码\服务端\系统模块\服务器组件\模块管理\release_unicode\moduleinfomanager.obj
f:\jiuxing\代码\服务端\系统模块\服务器组件\模块管理\release_unicode\moduledbparameter.obj
f:\jiuxing\代码\服务端\系统模块\服务器组件\模块管理\release_unicode\matchlistcontrol.obj
f:\jiuxing\代码\服务端\系统模块\服务器组件\模块管理\release_unicode\matchinfomanager.obj
f:\jiuxing\代码\服务端\系统模块\服务器组件\模块管理\release_unicode\listcontrol.obj
f:\jiuxing\代码\服务端\系统模块\服务器组件\模块管理\release_unicode\dlgserverwizard.obj
f:\jiuxing\代码\服务端\系统模块\服务器组件\模块管理\release_unicode\dlgservermatch.obj
f:\jiuxing\代码\服务端\系统模块\服务器组件\模块管理\release_unicode\dlgserveritem.obj
f:\jiuxing\代码\服务端\系统模块\服务器组件\模块管理\release_unicode\dlgmatchwizard.obj
f:\jiuxing\代码\服务端\运行\release\unicode\modulemanager.dll
f:\jiuxing\代码\服务端\系统模块\服务器组件\模块管理\release_unicode\模块管理.pdb
f:\jiuxing\代码\服务端\系统模块\服务器组件\模块管理\release_unicode\modulemanager.res
f:\jiuxing\代码\服务端\系统模块\链接库\unicode\modulemanager.lib
f:\jiuxing\代码\服务端\系统模块\链接库\unicode\modulemanager.exp
f:\jiuxing\代码\服务端\系统模块\服务器组件\模块管理\release_unicode\msado15.tli
f:\jiuxing\代码\服务端\系统模块\服务器组件\模块管理\release_unicode\msado15.tlh
f:\jiuxing\代码\服务端\系统模块\服务器组件\模块管理\release_unicode\模块管理.tlog\cl.command.1.tlog
f:\jiuxing\代码\服务端\系统模块\服务器组件\模块管理\release_unicode\模块管理.tlog\cl.read.1.tlog
f:\jiuxing\代码\服务端\系统模块\服务器组件\模块管理\release_unicode\模块管理.tlog\cl.write.1.tlog
f:\jiuxing\代码\服务端\系统模块\服务器组件\模块管理\release_unicode\模块管理.tlog\link.command.1.tlog
f:\jiuxing\代码\服务端\系统模块\服务器组件\模块管理\release_unicode\模块管理.tlog\link.read.1.tlog
f:\jiuxing\代码\服务端\系统模块\服务器组件\模块管理\release_unicode\模块管理.tlog\link.write.1.tlog
f:\jiuxing\代码\服务端\系统模块\服务器组件\模块管理\release_unicode\模块管理.tlog\rc.command.1.tlog
f:\jiuxing\代码\服务端\系统模块\服务器组件\模块管理\release_unicode\模块管理.tlog\rc.read.1.tlog
f:\jiuxing\代码\服务端\系统模块\服务器组件\模块管理\release_unicode\模块管理.tlog\rc.write.1.tlog
f:\jiuxing\代码\服务端\系统模块\服务器组件\模块管理\release_unicode\模块管理.tlog\模块管理.write.1u.tlog
