f:\jiuxing\代码\服务端\系统模块\服务器组件\内核引擎\release_unicode\内核引擎.pch
f:\jiuxing\代码\服务端\系统模块\服务器组件\内核引擎\release_unicode\vc120.pdb
f:\jiuxing\代码\服务端\系统模块\服务器组件\内核引擎\release_unicode\stdafx.obj
f:\jiuxing\代码\服务端\系统模块\服务器组件\内核引擎\release_unicode\traceservicemanager.obj
f:\jiuxing\代码\服务端\系统模块\服务器组件\内核引擎\release_unicode\traceservice.obj
f:\jiuxing\代码\服务端\系统模块\服务器组件\内核引擎\release_unicode\timerengine.obj
f:\jiuxing\代码\服务端\系统模块\服务器组件\内核引擎\release_unicode\tcpsocketservice.obj
f:\jiuxing\代码\服务端\系统模块\服务器组件\内核引擎\release_unicode\tcpnetworkengine.obj
f:\jiuxing\代码\服务端\系统模块\服务器组件\内核引擎\release_unicode\kernelengine.obj
f:\jiuxing\代码\服务端\系统模块\服务器组件\内核引擎\release_unicode\databaseengine.obj
f:\jiuxing\代码\服务端\系统模块\服务器组件\内核引擎\release_unicode\databaseaide.obj
f:\jiuxing\代码\服务端\系统模块\服务器组件\内核引擎\release_unicode\attemperengine.obj
f:\jiuxing\代码\服务端\系统模块\服务器组件\内核引擎\release_unicode\asynchronismengine.obj
f:\jiuxing\代码\服务端\运行\release\unicode\kernelengine.dll
f:\jiuxing\代码\服务端\系统模块\服务器组件\内核引擎\release_unicode\内核引擎.pdb
f:\jiuxing\代码\服务端\系统模块\服务器组件\内核引擎\release_unicode\kernelengine.res
f:\jiuxing\代码\服务端\系统模块\链接库\unicode\kernelengine.lib
f:\jiuxing\代码\服务端\系统模块\链接库\unicode\kernelengine.exp
f:\jiuxing\代码\服务端\系统模块\服务器组件\内核引擎\release_unicode\msado15.tli
f:\jiuxing\代码\服务端\系统模块\服务器组件\内核引擎\release_unicode\msado15.tlh
f:\jiuxing\代码\服务端\系统模块\服务器组件\内核引擎\release_unicode\内核引擎.tlog\cl.command.1.tlog
f:\jiuxing\代码\服务端\系统模块\服务器组件\内核引擎\release_unicode\内核引擎.tlog\cl.read.1.tlog
f:\jiuxing\代码\服务端\系统模块\服务器组件\内核引擎\release_unicode\内核引擎.tlog\cl.write.1.tlog
f:\jiuxing\代码\服务端\系统模块\服务器组件\内核引擎\release_unicode\内核引擎.tlog\link.command.1.tlog
f:\jiuxing\代码\服务端\系统模块\服务器组件\内核引擎\release_unicode\内核引擎.tlog\link.read.1.tlog
f:\jiuxing\代码\服务端\系统模块\服务器组件\内核引擎\release_unicode\内核引擎.tlog\link.write.1.tlog
f:\jiuxing\代码\服务端\系统模块\服务器组件\内核引擎\release_unicode\内核引擎.tlog\rc.command.1.tlog
f:\jiuxing\代码\服务端\系统模块\服务器组件\内核引擎\release_unicode\内核引擎.tlog\rc.read.1.tlog
f:\jiuxing\代码\服务端\系统模块\服务器组件\内核引擎\release_unicode\内核引擎.tlog\rc.write.1.tlog
f:\jiuxing\代码\服务端\系统模块\服务器组件\内核引擎\release_unicode\内核引擎.tlog\内核引擎.write.1u.tlog
