f:\jiuxing\代码\服务端\系统模块\服务器组件\协调服务器\release_unicode\协调服务器.pch
f:\jiuxing\代码\服务端\系统模块\服务器组件\协调服务器\release_unicode\vc120.pdb
f:\jiuxing\代码\服务端\系统模块\服务器组件\协调服务器\release_unicode\stdafx.obj
f:\jiuxing\代码\服务端\系统模块\服务器组件\协调服务器\release_unicode\serviceunits.obj
f:\jiuxing\代码\服务端\系统模块\服务器组件\协调服务器\release_unicode\minidumper.obj
f:\jiuxing\代码\服务端\系统模块\服务器组件\协调服务器\release_unicode\initparameter.obj
f:\jiuxing\代码\服务端\系统模块\服务器组件\协调服务器\release_unicode\globalinfomanager.obj
f:\jiuxing\代码\服务端\系统模块\服务器组件\协调服务器\release_unicode\correspondserverdlg.obj
f:\jiuxing\代码\服务端\系统模块\服务器组件\协调服务器\release_unicode\correspondserver.obj
f:\jiuxing\代码\服务端\系统模块\服务器组件\协调服务器\release_unicode\attemperenginesink.obj
f:\jiuxing\代码\服务端\运行\release\unicode\correspond.exe
f:\jiuxing\代码\服务端\系统模块\服务器组件\协调服务器\release_unicode\协调服务器.pdb
f:\jiuxing\代码\服务端\系统模块\服务器组件\协调服务器\release_unicode\correspond.res
f:\jiuxing\代码\服务端\系统模块\服务器组件\协调服务器\release_unicode\msado15.tli
f:\jiuxing\代码\服务端\系统模块\服务器组件\协调服务器\release_unicode\msado15.tlh
f:\jiuxing\代码\服务端\系统模块\服务器组件\协调服务器\release_unicode\协调服务器.tlog\cl.command.1.tlog
f:\jiuxing\代码\服务端\系统模块\服务器组件\协调服务器\release_unicode\协调服务器.tlog\cl.read.1.tlog
f:\jiuxing\代码\服务端\系统模块\服务器组件\协调服务器\release_unicode\协调服务器.tlog\cl.write.1.tlog
f:\jiuxing\代码\服务端\系统模块\服务器组件\协调服务器\release_unicode\协调服务器.tlog\link.command.1.tlog
f:\jiuxing\代码\服务端\系统模块\服务器组件\协调服务器\release_unicode\协调服务器.tlog\link.read.1.tlog
f:\jiuxing\代码\服务端\系统模块\服务器组件\协调服务器\release_unicode\协调服务器.tlog\link.write.1.tlog
f:\jiuxing\代码\服务端\系统模块\服务器组件\协调服务器\release_unicode\协调服务器.tlog\rc.command.1.tlog
f:\jiuxing\代码\服务端\系统模块\服务器组件\协调服务器\release_unicode\协调服务器.tlog\rc.read.1.tlog
f:\jiuxing\代码\服务端\系统模块\服务器组件\协调服务器\release_unicode\协调服务器.tlog\rc.write.1.tlog
